# file opened: /Users/rob/Source/zxdev/bipboi-returns/src/main.asm
  1   0000
  2   0000                  device  ZXSPECTRUM48
  3   0000
  4   0000                  include "./constants.asm"
# file opened: /Users/rob/Source/zxdev/bipboi-returns/src/./constants.asm
  1+  0000              ;
  2+  0000              ; ROM routine addresses
  3+  0000              ;
  4+  0000              ROM_CLS                 EQU  0x0DAF             ; Clears the screen and opens channel 2
  5+  0000              ROM_OPEN_CHANNEL        EQU  0x1601             ; Open a channel
  6+  0000              ROM_PRINT               EQU  0x203C             ; Print a string
  7+  0000              ;
  8+  0000              ; PRINT control codes - work with ROM_PRINT and RST 0x10
  9+  0000              ;
 10+  0000              INK                     EQU 0x10
 11+  0000              PAPER                   EQU 0x11
 12+  0000              FLASH                   EQU 0x12
 13+  0000              BRIGHT                  EQU 0x13
 14+  0000              INVERSE                 EQU 0x14
 15+  0000              OVER                    EQU 0x15
 16+  0000              AT                      EQU 0x16
 17+  0000              TAB                     EQU 0x17
 18+  0000              CR                      EQU 0x0C
# file closed: /Users/rob/Source/zxdev/bipboi-returns/src/./constants.asm
  5   0000
  6   0000                  org $8000
  7   8000              init:
  8   8000
  9   8000                ;
 10   8000              ; Print the string TEXT2 using my zero-terminated string print routine
 11   8000              ;
 12   8000                ;
 13   8000              ; Change border to black
 14   8000              ;
 15   8000
 16   8000                  ; Clear Border
 17   8000 3E 00            LD A, 0x00              ; Load 0 into A (black color)
 18   8002 D3 FE            OUT (0xFE), A           ; Set border to black
 19   8004
 20   8004                  ; Clear Attribute Memory
 21   8004 21 00 58         LD HL, $5800            ; Start of attribute memory
 22   8007 11 01 58         LD DE, $5801            ; Next byte in attribute memory
 23   800A 01 FF 01         LD BC, 511           ; 6912 bytes to fill (32 columns * 24 rows)
 24   800D 36 07            LD (HL), 7            ; Bright white on black background
 25   800F ED B0            LDIR                    ; Fill the attribute memory
 26   8011
 27   8011                ; Clear Attribute Memory
 28   8011 21 00 5A         LD HL, $5800+512            ; Start of attribute memory
 29   8014 11 01 5A         LD DE, $5801+512            ; Next byte in attribute memory
 30   8017 01 FF 00         LD BC, 255           ; 6912 bytes to fill (32 columns * 24 rows)
 31   801A 36 6F            LD (HL), %01101111            ; Bright white on black background
 32   801C ED B0            LDIR
 33   801E
 34   801E                  ; Clear screen memory
 35   801E 21 00 40         LD HL, $4000            ; Start of screen memory
 36   8021 11 01 40         LD DE, $4001            ; Next byte in screen memory
 37   8024 01 FF 17         LD BC, 6143         ; 6912 bytes to fill (32 columns * 24 rows)
 38   8027 36 00            LD (HL), 0x00            ; Load 0 into A (black color)
 39   8029 ED B0            LDIR                    ; Fill the screen memory
 40   802B
 41   802B              main:
 42   802B
 43   802B FB               EI
 44   802C 76               HALT
 45   802D F3               DI
 46   802E
 47   802E                    ; Clear Border
 48   802E 3E 00            LD A, 0x00              ; Load 0 into A (black color)
 49   8030 D3 FE            OUT (0xFE), A           ; Set border to black
 50   8032
 51   8032
 52   8032                  ; Pause until 3rd part of screen
 53   8032 01 35 02         LD BC, 565
 54   8035              PauseLoop:
 55   8035 0B               DEC BC
 56   8036 78               LD A, B
 57   8037 B1               OR C
 58   8038 20 FB            JR NZ, PauseLoop
 59   803A
 60   803A CD 5F 80         CALL ClearScreen
 61   803D
 62   803D                  ; Change border to green
 63   803D 3E 02            LD A, 0x02             ; Load 2 into A (green color)
 64   803F D3 FE            OUT (0xFE), A          ; Set border to green
 65   8041
 66   8041 21 E5 80         LD hl, BBLOGO
 67   8044 11 88 40         LD de, $4088
 68   8047 CD 91 80         call BLIT_SPRITE_16_64
 69   804A
 70   804A                  ; Change border to black
 71   804A 3E 00            LD A, 0x00              ; Load 0 into A (black color)
 72   804C D3 FE            OUT (0xFE), A           ; Set border to black
 73   804E
 74   804E
 75   804E 18 DB            jr main
 76   8050              ;
 77   8050 24           DOWN_HL:        inc h
 77   8051 7C             ld a,h
 77   8052 E6 07          and 7
 77   8054 C0             ret nz
 78   8055 7D                           ld a,l
 78   8056 C6 20          add a,32
 78   8058 6F             ld l,a
 79   8059 D8                           ret c
 80   805A 7C                           ld a,h
 80   805B D6 08          sub 8
 80   805D 67             ld h,a
 80   805E C9             ret
 81   805F
 82   805F              ClearScreen:
 83   805F ED 73 E3 80  	LD   (SP_Store),SP
 84   8063 11 01 01     	LD   DE,$0101
 85   8066 21 1E 40     	LD   HL,$401E			; start screen address of play area to clear
 86   8069 0E 10        	LD   C,$10
 87   806B              NextRow:
 88   806B 06 08        	LD   B,$08
 89   806D
 90   806D              ClearCharacter:
 91   806D F9           	LD   SP,HL
 92   806E D5           	PUSH DE
 93   806F D5           	PUSH DE
 94   8070 D5           	PUSH DE
 95   8071 D5           	PUSH DE
 96   8072 D5           	PUSH DE
 97   8073 D5           	PUSH DE
 98   8074 D5           	PUSH DE
 99   8075 D5           	PUSH DE
100   8076 D5           	PUSH DE
101   8077 D5           	PUSH DE
102   8078 D5           	PUSH DE
103   8079 D5           	PUSH DE
104   807A D5           	PUSH DE
105   807B D5           	PUSH DE
106   807C 24           	INC  H
107   807D 10 EE        	DJNZ ClearCharacter
108   807F
109   807F 7D           	LD   A,L
110   8080 C6 20        	ADD  A,$20
111   8082 6F           	LD   L,A
112   8083 38 04        	JR   C,InSegment
113   8085
114   8085 7C           	LD   A,H
115   8086 D6 08        	SUB  $08
116   8088 67           	LD   H,A
117   8089
118   8089              InSegment:
119   8089 0D           	DEC  C
120   808A 20 DF        	JR   NZ,NextRow
121   808C
122   808C ED 7B E3 80  	LD   SP,(SP_Store)
123   8090 C9           	RET
124   8091
125   8091              ; hl = gfx address
126   8091              ; de = screen address
127   8091              ; b = height
128   8091              BLIT_SPRITE_16_64
129   8091
130   8091 06 40          ld b,64
131   8093
132   8093 ED 73 E0 80    ld (.savedsp),sp
133   8097 F9             ld sp,hl
134   8098 EB             ex de,hl
135   8099 7C             ld a,h
136   809A E6 F8          and $F8
137   809C 4F             ld c,a
138   809D 18 0F          jr .mainloop
139   809F
140   809F              .nextthird:
141   809F 4C             ld c,h
142   80A0 10 0C          djnz .mainloop
143   80A2
144   80A2 18 3B          jr .theend
145   80A4
146   80A4              .nextchar:
147   80A4 7D             ld a,l
148   80A5 C6 20          add 32
149   80A7 6F             ld l,a
150   80A8 38 F5          jr c,.nextthird
151   80AA
152   80AA 61             ld h,c
153   80AB 05             dec b
154   80AC 28 31          jr z,.theend
155   80AE
156   80AE              .mainloop:
157   80AE 7D             ld a,l
158   80AF
159   80AF                DUP 8
160   80AF D1          >  pop de
161   80B0 73          >  ld (hl),e
162   80B1 2C          >  inc l
163   80B2 72          >  ld (hl),d
164   80B3 2C          >  inc l
160   80B4 D1          >  pop de
161   80B5 73          >  ld (hl),e
162   80B6 2C          >  inc l
163   80B7 72          >  ld (hl),d
164   80B8 2C          >  inc l
160   80B9 D1          >  pop de
161   80BA 73          >  ld (hl),e
162   80BB 2C          >  inc l
163   80BC 72          >  ld (hl),d
164   80BD 2C          >  inc l
160   80BE D1          >  pop de
161   80BF 73          >  ld (hl),e
162   80C0 2C          >  inc l
163   80C1 72          >  ld (hl),d
164   80C2 2C          >  inc l
160   80C3 D1          >  pop de
161   80C4 73          >  ld (hl),e
162   80C5 2C          >  inc l
163   80C6 72          >  ld (hl),d
164   80C7 2C          >  inc l
160   80C8 D1          >  pop de
161   80C9 73          >  ld (hl),e
162   80CA 2C          >  inc l
163   80CB 72          >  ld (hl),d
164   80CC 2C          >  inc l
160   80CD D1          >  pop de
161   80CE 73          >  ld (hl),e
162   80CF 2C          >  inc l
163   80D0 72          >  ld (hl),d
164   80D1 2C          >  inc l
160   80D2 D1          >  pop de
161   80D3 73          >  ld (hl),e
162   80D4 2C          >  inc l
163   80D5 72          >  ld (hl),d
164   80D6 2C          >  inc l
165   80D7                EDUP
166   80D7
167   80D7                org $-1   ;Remove last inc l
168   80D6
169   80D6 6F             ld l,a
170   80D7
171   80D7 24             inc h
172   80D8 7C             ld a,h
173   80D9 E6 07          and 7
174   80DB
175   80DB 28 C7          jr z,.nextchar
176   80DD
177   80DD 10 CF          djnz .mainloop
178   80DF
179   80DF              .theend:
180   80DF 31 00 00       ld sp,0
181   80E2              .savedsp equ $-2
182   80E2 C9             ret
183   80E3
184   80E3
185   80E3
186   80E3 00 00        SP_Store: defw 0
187   80E5
188   80E5              BBLOGO:
189   80E5
190   80E5                  include "./assets/bblogo.asm"
# file opened: /Users/rob/Source/zxdev/bipboi-returns/src/./assets/bblogo.asm
  1+  80E5              ; ASM source file created by SevenuP v1.20
  2+  80E5              ; SevenuP (C) Copyright 2002-2006 by Jaime Tejedor Gomez, aka Metalbrain
  3+  80E5
  4+  80E5              ;GRAPHIC DATA:
  5+  80E5              ;Pixel Size:      (128,  64)
  6+  80E5              ;Char Size:       ( 16,   8)
  7+  80E5              ;Sort Priorities: X char, Char line, Y char
  8+  80E5              ;Data Outputted:  Gfx
  9+  80E5              ;Interleave:      Line
 10+  80E5              ;Mask:            No
 11+  80E5
 12+  80E5              BIPBOI_LOGO_128:
 13+  80E5 00 00 00 00  	DEFB	  0,  0,  0,  0,  0, 31,252,  0
 13+  80E9 00 1F FC 00
 14+  80ED 00 00 00 00  	DEFB	  0,  0,  0,  0,  0,  0,  0,  0
 14+  80F1 00 00 00 00
 15+  80F5 00 00 00 00  	DEFB	  0,  0,  0,  0,  3,255,255,192
 15+  80F9 03 FF FF C0
 16+  80FD 00 00 00 01  	DEFB	  0,  0,  0,  1,255,192,  0,  0
 16+  8101 FF C0 00 00
 17+  8105 0F FF FF 1F  	DEFB	 15,255,255, 31,255,255,255,255
 17+  8109 FF FF FF FF
 18+  810D FF FF 00 3F  	DEFB	255,255,  0, 63,255,251,255,224
 18+  8111 FF FB FF E0
 19+  8115 1F FF FF FF  	DEFB	 31,255,255,255,255,255,255,255
 19+  8119 FF FF FF FF
 20+  811D FF FF C1 FF  	DEFB	255,255,193,255,255,255,255,248
 20+  8121 FF FF FF F8
 21+  8125 1F FF FF FF  	DEFB	 31,255,255,255,255,192,  1,255
 21+  8129 FF C0 01 FF
 22+  812D FF FF F3 FF  	DEFB	255,255,243,255,255,255,255,248
 22+  8131 FF FF FF F8
 23+  8135 1F FF FF FF  	DEFB	 31,255,255,255,255,128,  0, 63
 23+  8139 FF 80 00 3F
 24+  813D FF FF FF FC  	DEFB	255,255,255,252,  0, 63,255,248
 24+  8141 00 3F FF F8
 25+  8145 1E 00 00 FE  	DEFB	 30,  0,  0,254,  3,128,  0, 30
 25+  8149 03 80 00 1E
 26+  814D 00 00 FF C0  	DEFB	  0,  0,255,192,  0, 15,128,120
 26+  8151 00 0F 80 78
 27+  8155 1E 00 00 7E  	DEFB	 30,  0,  0,126,  1,128,  0, 14
 27+  8159 01 80 00 0E
 28+  815D 00 00 7F 80  	DEFB	  0,  0,127,128,  0,  7,128,120
 28+  8161 00 07 80 78
 29+  8165 1E 00 00 3E  	DEFB	 30,  0,  0, 62,  1,128,  0, 14
 29+  8169 01 80 00 0E
 30+  816D 00 00 3F 00  	DEFB	  0,  0, 63,  0,  0,  3,128,120
 30+  8171 00 03 80 78
 31+  8175 1E 00 00 1E  	DEFB	 30,  0,  0, 30,  1,128,  0,  6
 31+  8179 01 80 00 06
 32+  817D 00 00 3E 00  	DEFB	  0,  0, 62,  0,  0,  3,192,120
 32+  8181 00 03 C0 78
 33+  8185 1E 00 E0 1E  	DEFB	 30,  0,224, 30,  1,128,  0,  6
 33+  8189 01 80 00 06
 34+  818D 00 C0 1E 00  	DEFB	  0,192, 30,  0,  0,  1,192,120
 34+  8191 00 01 C0 78
 35+  8195 1E 00 F0 1E  	DEFB	 30,  0,240, 30,  1,128,  0,  6
 35+  8199 01 80 00 06
 36+  819D 01 F0 1E 00  	DEFB	  1,240, 30,  0,  0,  1,192,120
 36+  81A1 00 01 C0 78
 37+  81A5 1E 00 F0 1E  	DEFB	 30,  0,240, 30,  1,128, 60,  6
 37+  81A9 01 80 3C 06
 38+  81AD 01 F0 1E 00  	DEFB	  1,240, 30,  0,126,  1,192,120
 38+  81B1 7E 01 C0 78
 39+  81B5 1E 00 F0 1E  	DEFB	 30,  0,240, 30,  1,128, 60,  6
 39+  81B9 01 80 3C 06
 40+  81BD 01 F0 1E 00  	DEFB	  1,240, 30,  0,126,  1,192,120
 40+  81C1 7E 01 C0 78
 41+  81C5 1E 00 F0 1E  	DEFB	 30,  0,240, 30,  1,128, 60,  6
 41+  81C9 01 80 3C 06
 42+  81CD 01 F0 1E 00  	DEFB	  1,240, 30,  0,126,  1,192,120
 42+  81D1 7E 01 C0 78
 43+  81D5 1E 00 F0 1E  	DEFB	 30,  0,240, 30,  1,128, 60,  6
 43+  81D9 01 80 3C 06
 44+  81DD 01 F0 1E 00  	DEFB	  1,240, 30,  0,254,  1,192,120
 44+  81E1 FE 01 C0 78
 45+  81E5 1E 00 C0 3E  	DEFB	 30,  0,192, 62,  1,128, 60,  6
 45+  81E9 01 80 3C 06
 46+  81ED 00 60 3E 00  	DEFB	  0, 96, 62,  0,254,  1,192,120
 46+  81F1 FE 01 C0 78
 47+  81F5 1E 00 00 3E  	DEFB	 30,  0,  0, 62,  1,128, 60,  6
 47+  81F9 01 80 3C 06
 48+  81FD 00 00 3C 00  	DEFB	  0,  0, 60,  0,254,  1,192,120
 48+  8201 FE 01 C0 78
 49+  8205 1E 00 00 7E  	DEFB	 30,  0,  0,126,  1,192, 56, 14
 49+  8209 01 C0 38 0E
 50+  820D 00 00 7C 00  	DEFB	  0,  0,124,  0,254,  1,192,120
 50+  8211 FE 01 C0 78
 51+  8215 1E 00 00 3E  	DEFB	 30,  0,  0, 62,  1,192,  0, 14
 51+  8219 01 C0 00 0E
 52+  821D 00 00 3C 00  	DEFB	  0,  0, 60,  0,254,  1,192,120
 52+  8221 FE 01 C0 78
 53+  8225 1E 00 00 1E  	DEFB	 30,  0,  0, 30,  1,192,  0, 30
 53+  8229 01 C0 00 1E
 54+  822D 00 80 1C 00  	DEFB	  0,128, 28,  0,254,  1,192,120
 54+  8231 FE 01 C0 78
 55+  8235 1E 01 E0 0E  	DEFB	 30,  1,224, 14,  1,192,  0, 62
 55+  8239 01 C0 00 3E
 56+  823D 01 E0 0E 00  	DEFB	  1,224, 14,  0,254,  1,192,120
 56+  8241 FE 01 C0 78
 57+  8245 1E 01 F0 0E  	DEFB	 30,  1,240, 14,  1,192,  0,126
 57+  8249 01 C0 00 7E
 58+  824D 01 E0 0E 00  	DEFB	  1,224, 14,  0,126,  1,192,120
 58+  8251 7E 01 C0 78
 59+  8255 1E 01 F0 0E  	DEFB	 30,  1,240, 14,  1,192,  3,254
 59+  8259 01 C0 03 FE
 60+  825D 01 F0 0E 00  	DEFB	  1,240, 14,  0,126,  1,192,120
 60+  8261 7E 01 C0 78
 61+  8265 1E 01 F0 0E  	DEFB	 30,  1,240, 14,  1,192, 63,254
 61+  8269 01 C0 3F FE
 62+  826D 01 F0 0E 00  	DEFB	  1,240, 14,  0,124,  1,192,120
 62+  8271 7C 01 C0 78
 63+  8275 1E 01 F0 0E  	DEFB	 30,  1,240, 14,  1,192, 63,254
 63+  8279 01 C0 3F FE
 64+  827D 01 F0 0E 00  	DEFB	  1,240, 14,  0,  0,  1,192,120
 64+  8281 00 01 C0 78
 65+  8285 1E 01 F0 0E  	DEFB	 30,  1,240, 14,  1,192, 63,222
 65+  8289 01 C0 3F DE
 66+  828D 01 F0 0F 00  	DEFB	  1,240, 15,  0,  0,  1,192,120
 66+  8291 00 01 C0 78
 67+  8295 1E 01 F0 0E  	DEFB	 30,  1,240, 14,  1,192, 60, 30
 67+  8299 01 C0 3C 1E
 68+  829D 01 E0 0F 00  	DEFB	  1,224, 15,  0,  0,  3,192,120
 68+  82A1 00 03 C0 78
 69+  82A5 1E 00 00 0E  	DEFB	 30,  0,  0, 14,  1,192, 60, 30
 69+  82A9 01 C0 3C 1E
 70+  82AD 00 00 0F 80  	DEFB	  0,  0, 15,128,  0,  7,192,120
 70+  82B1 00 07 C0 78
 71+  82B5 1E 00 00 0E  	DEFB	 30,  0,  0, 14,  1,192, 60, 30
 71+  82B9 01 C0 3C 1E
 72+  82BD 00 00 1F C0  	DEFB	  0,  0, 31,192,  0, 15,192,120
 72+  82C1 00 0F C0 78
 73+  82C5 1E 00 00 1E  	DEFB	 30,  0,  0, 30,  1,192, 60, 30
 73+  82C9 01 C0 3C 1E
 74+  82CD 00 00 1F F0  	DEFB	  0,  0, 31,240,  0, 63,192,120
 74+  82D1 00 3F C0 78
 75+  82D5 1E 00 00 3F  	DEFB	 30,  0,  0, 63,255,192, 60, 30
 75+  82D9 FF C0 3C 1E
 76+  82DD 00 00 3F FF  	DEFB	  0,  0, 63,255,255,255,255,248
 76+  82E1 FF FF FF F8
 77+  82E5 1F 80 00 FF  	DEFB	 31,128,  0,255,255,192, 60, 31
 77+  82E9 FF C0 3C 1F
 78+  82ED 00 00 FC FF  	DEFB	  0,  0,252,255,255,255,255,248
 78+  82F1 FF FF FF F8
 79+  82F5 1F FF FF FF  	DEFB	 31,255,255,255,255,192, 30, 31
 79+  82F9 FF C0 1E 1F
 80+  82FD FF FF FC 7F  	DEFB	255,255,252,127,255,251,255,248
 80+  8301 FF FB FF F8
 81+  8305 1F FF FF FF  	DEFB	 31,255,255,255,255,199,254, 31
 81+  8309 FF C7 FE 1F
 82+  830D FF FF F8 0F  	DEFB	255,255,248, 15,255,224,255,248
 82+  8311 FF E0 FF F8
 83+  8315 1F FF FF E0  	DEFB	 31,255,255,224,  3,255,254, 31
 83+  8319 03 FF FE 1F
 84+  831D FF FF E0 00  	DEFB	255,255,224,  0,  0,  0,  0,  0
 84+  8321 00 00 00 00
 85+  8325 00 7F FF 00  	DEFB	  0,127,255,  0,  3,255,254,  0
 85+  8329 03 FF FE 00
 86+  832D 7F FF 00 00  	DEFB	127,255,  0,  0,  0,  0,  0,  0
 86+  8331 00 00 00 00
 87+  8335 00 00 00 00  	DEFB	  0,  0,  0,  0,  3,255,254,  0
 87+  8339 03 FF FE 00
 88+  833D 00 00 00 00  	DEFB	  0,  0,  0,  0,  0,  0,  0,  0
 88+  8341 00 00 00 00
 89+  8345 00 00 00 00  	DEFB	  0,  0,  0,  0,  0,  0,  0,  0
 89+  8349 00 00 00 00
 90+  834D 00 00 00 00  	DEFB	  0,  0,  0,  0,  0,  0,  0,  0
 90+  8351 00 00 00 00
 91+  8355 00 00 00 00  	DEFB	  0,  0,  0,  0,  0,  0,  0,  0
 91+  8359 00 00 00 00
 92+  835D 00 00 00 00  	DEFB	  0,  0,  0,  0,  0,  0,  0,  0
 92+  8361 00 00 00 00
 93+  8365 00 00 00 00  	DEFB	  0,  0,  0,  0,  0,  0,  0,  0
 93+  8369 00 00 00 00
 94+  836D 00 00 00 00  	DEFB	  0,  0,  0,  0,  0,  0,  0,  0
 94+  8371 00 00 00 00
 95+  8375 00 00 00 00  	DEFB	  0,  0,  0,  0,  0,  0,  0,  0
 95+  8379 00 00 00 00
 96+  837D 00 00 00 00  	DEFB	  0,  0,  0,  0,  0,  0,  0,  0
 96+  8381 00 00 00 00
 97+  8385 00 00 00 00  	DEFB	  0,  0,  0,  0,  0,  0,  0,  0
 97+  8389 00 00 00 00
 98+  838D 00 00 00 00  	DEFB	  0,  0,  0,  0,  0,  0,  0,  0
 98+  8391 00 00 00 00
 99+  8395 00 00 00 01  	DEFB	  0,  0,  0,  1,255,  0,  0,  0
 99+  8399 FF 00 00 00
100+  839D 00 00 00 00  	DEFB	  0,  0,  0,  0,  0,  0,  0,  0
100+  83A1 00 00 00 00
101+  83A5 00 00 3F 01  	DEFB	  0,  0, 63,  1,255,191,254, 96
101+  83A9 FF BF FE 60
102+  83AD 11 F8 1C 01  	DEFB	 17,248, 28,  1,128,112,  0,  0
102+  83B1 80 70 00 00
103+  83B5 00 00 3F C1  	DEFB	  0,  0, 63,193,255,191,254,224
103+  83B9 FF BF FE E0
104+  83BD 39 FE 1E 01  	DEFB	 57,254, 30,  1,129,252,  0,  0
104+  83C1 81 FC 00 00
105+  83C5 00 00 3B E1  	DEFB	  0,  0, 59,225,128, 31,254,224
105+  83C9 80 1F FE E0
106+  83CD 39 9F 1F 01  	DEFB	 57,159, 31,  1,135,252,  0,  0
106+  83D1 87 FC 00 00
107+  83D5 00 00 38 F1  	DEFB	  0,  0, 56,241,128,  1,192,224
107+  83D9 80 01 C0 E0
108+  83DD 39 87 9F 01  	DEFB	 57,135,159,  1,135,  0,  0,  0
108+  83E1 87 00 00 00
109+  83E5 00 00 38 71  	DEFB	  0,  0, 56,113,128,  1,192,224
109+  83E9 80 01 C0 E0
110+  83ED 39 83 9F 81  	DEFB	 57,131,159,129,142,  0,  0,  0
110+  83F1 8E 00 00 00
111+  83F5 00 00 38 31  	DEFB	  0,  0, 56, 49,135,  1,192,224
111+  83F9 87 01 C0 E0
112+  83FD 39 81 9D C1  	DEFB	 57,129,157,193,142,  0,  0,  0
112+  8401 8E 00 00 00
113+  8405 00 00 38 71  	DEFB	  0,  0, 56,113,255,129,192,224
113+  8409 FF 81 C0 E0
114+  840D 39 83 9C E1  	DEFB	 57,131,156,225,143,248,  0,  0
114+  8411 8F F8 00 00
115+  8415 00 00 3F F1  	DEFB	  0,  0, 63,241,255,  1,192,224
115+  8419 FF 01 C0 E0
116+  841D 31 FF 9C F1  	DEFB	 49,255,156,241,131,254,  0,  0
116+  8421 83 FE 00 00
117+  8425 00 00 3F E3  	DEFB	  0,  0, 63,227,128,  1,192,224
117+  8429 80 01 C0 E0
118+  842D 31 FF 1C 79  	DEFB	 49,255, 28,121,128, 14,  0,  0
118+  8431 80 0E 00 00
119+  8435 00 00 3F 83  	DEFB	  0,  0, 63,131,128,  1,192,224
119+  8439 80 01 C0 E0
120+  843D 71 FC 1C 39  	DEFB	113,252, 28, 57,128,  6,  0,  0
120+  8441 80 06 00 00
121+  8445 00 00 3F E3  	DEFB	  0,  0, 63,227,128,  1,192,224
121+  8449 80 01 C0 E0
122+  844D 71 BF 1C 1F  	DEFB	113,191, 28, 31,152,  6,  0,  0
122+  8451 98 06 00 00
123+  8455 00 00 39 F3  	DEFB	  0,  0, 57,243,128,  1,192,112
123+  8459 80 01 C0 70
124+  845D E1 8F 9C 0F  	DEFB	225,143,156, 15,156, 30,  0,  0
124+  8461 9C 1E 00 00
125+  8465 00 00 38 79  	DEFB	  0,  0, 56,121,128,  1,192,127
125+  8469 80 01 C0 7F
126+  846D E1 83 DC 07  	DEFB	225,131,220,  7,159,254,  0,  0
126+  8471 9F FE 00 00
127+  8475 00 00 38 39  	DEFB	  0,  0, 56, 57,255,129,192, 63
127+  8479 FF 81 C0 3F
128+  847D C1 81 DC 03  	DEFB	193,129,220,  3,143,248,  0,  0
128+  8481 8F F8 00 00
129+  8485 00 00 00 00  	DEFB	  0,  0,  0,  0,255,  0,  0, 31
129+  8489 FF 00 00 1F
130+  848D 01 80 1C 01  	DEFB	  1,128, 28,  1,135,224,  0,  0
130+  8491 87 E0 00 00
131+  8495 00 00 00 00  	DEFB	  0,  0,  0,  0,  0,  0,  0,  0
131+  8499 00 00 00 00
132+  849D 00 00 00 00  	DEFB	  0,  0,  0,  0,  0,  0,  0,  0
132+  84A1 00 00 00 00
133+  84A5 00 00 00 00  	DEFB	  0,  0,  0,  0,  0,  0,  0,  0
133+  84A9 00 00 00 00
134+  84AD 00 00 00 00  	DEFB	  0,  0,  0,  0,  0,  0,  0,  0
134+  84B1 00 00 00 00
135+  84B5 00 00 00 00  	DEFB	  0,  0,  0,  0,  0,  0,  0,  0
135+  84B9 00 00 00 00
136+  84BD 00 00 00 00  	DEFB	  0,  0,  0,  0,  0,  0,  0,  0
136+  84C1 00 00 00 00
137+  84C5 00 00 00 00  	DEFB	  0,  0,  0,  0,  0,  0,  0,  0
137+  84C9 00 00 00 00
138+  84CD 00 00 00 00  	DEFB	  0,  0,  0,  0,  0,  0,  0,  0
138+  84D1 00 00 00 00
139+  84D5 00 00 00 00  	DEFB	  0,  0,  0,  0,  0,  0,  0,  0
139+  84D9 00 00 00 00
140+  84DD 00 00 00 00  	DEFB	  0,  0,  0,  0,  0,  0,  0,  0
140+  84E1 00 00 00 00
# file closed: /Users/rob/Source/zxdev/bipboi-returns/src/./assets/bblogo.asm
191   84E5
192   84E5
193   84E5
194   84E5                  savesna "./src/main.sna",init
main.asm(195): warning: [SAVETAP] Tape file will not contain data from 0x5B00 to 0x5E00
195   84E5                  savetap "./src/main.tap",init
# file closed: /Users/rob/Source/zxdev/bipboi-returns/src/main.asm

Value    Label
------ - -----------------------------------------------------------
0x80E5 X BIPBOI_LOGO_128
0x80A4   BLIT_SPRITE_16_64.nextchar
0x80DF   BLIT_SPRITE_16_64.theend
0x809F   BLIT_SPRITE_16_64.nextthird
0x80AE   BLIT_SPRITE_16_64.mainloop
0x80E0   BLIT_SPRITE_16_64.savedsp
0x8089   InSegment
0x806D   ClearCharacter
0x806B   NextRow
0x80E3   SP_Store
0x8050 X DOWN_HL
0x8091   BLIT_SPRITE_16_64
0x80E5   BBLOGO
0x805F   ClearScreen
0x8035   PauseLoop
0x802B   main
0x8000 X init
0x000C X CR
0x0017 X TAB
0x0016 X AT
0x0015 X OVER
0x0014 X INVERSE
0x0013 X BRIGHT
0x0012 X FLASH
0x0011 X PAPER
0x0010 X INK
0x203C X ROM_PRINT
0x1601 X ROM_OPEN_CHANNEL
0x0DAF X ROM_CLS
